* Checking for deprecated package usage... OK
* Checking for remote package usage... OK
* Checking for 'LazyData: true' usage... OK
* Checking version number... OK
* Checking version number validity... OK
* Checking R version dependency... OK
* Checking package size... OK
* Checking individual file sizes... OK
* Checking biocViews... OK
* Checking that biocViews are present... OK
* Checking package type based on biocViews... OK
* Checking for non-trivial biocViews... OK
* Checking that biocViews come from the same category... OK
* Checking biocViews validity... OK
* Checking for recommended biocViews... OK
* Checking build system compatibility... OK
* Checking for blank lines in DESCRIPTION... OK
* Checking if DESCRIPTION is well formatted... OK
* Checking for proper Description: field... OK
* Checking for whitespace in DESCRIPTION field names... OK
* Checking that Package field matches directory/tarball name... OK
* Checking for Version field... OK
* Checking for valid maintainer... OK
* Checking License: for restrictive use... OK
* Checking for recommeded fields in DESCRIPTION... OK
* Checking for pinned package versions... OK
* Checking DESCRIPTION/NAMESPACE consistency... OK
* Checking .Rbuildignore... OK
* Checking for stray BiocCheck output folders... OK
* Checking for inst/doc folders... OK
* Checking vignette directory... OK
* Checking package installation calls in R code... OK
* Checking for library/require of wavFeatExt... OK
* Checking coding practice...
* NOTE:  Avoid 1:...; use seq_len() or seq_along()
Found in files:
get.ica.R (line 46, column 44)
get.pca.R (line 38, column 51)
nhwt.R (line 71, column 16)
nhwt.R (line 72, column 31)
nhwt.R (line 77, column 16)
nhwt.R (line 78, column 31)
* Checking parsed R code in R directory, examples, vignettes... OK
* Checking function lengths...
* NOTE: The recommended function length is 50 lines or less. There are 8 functions greater than 50 lines.
The longest 5 functions are:
classif.pcaica() (R/classif.pcaica.R): 213 lines
classif.wavFeatExt() (R/classif.wavFeatExt.R): 194 lines
plot.nhwt() (R/plot.nhwt.R): 128 lines
sim.CNA() (R/sim.CNA.R): 106 lines
plot.classif.pcaica() (R/plot.classif.pcaica.R):  96 lines
* Checking man page documentation...
* NOTE: Consider adding runnable examples to man pages that document exported objects.
wavFeatExt-package.Rd
* Checking package NEWS...
* NOTE: Consider adding a NEWS file, so your package news will be included in Bioconductor release announcements.
* Checking unit tests...
* NOTE: Consider adding unit tests. We strongly encourage them. See
  https://contributions.bioconductor.org/tests.html
* Checking skip_on_bioc() in tests... OK
* Checking formatting of DESCRIPTION, NAMESPACE, man pages, R source, and vignette source...
* NOTE: Consider shorter lines; 56 lines (2%) are > 80 characters long.
First few lines:
R/CBS.R#L2   CNA.obj <- CNA(obj, chrom = chr, maplo ...
R/CBS.R#L7     cbs.seg[seg.obj$segRows$startRow[k]: ...
R/classif.pcaica.R#L2                            method = c("l ...
R/classif.pcaica.R#L20     stop("'data[[1]]' must be a matrix ( ...
R/classif.pcaica.R#L51     stop("'pca' and 'ica' must be lists  ...
R/classif.pcaica.R#L99         x <- if (n.sim == 1L) as.matrix( ...
R/classif.wavFeatExt.R#L2                                method =  ...
R/classif.wavFeatExt.R#L10   if (!is.list(data) || length(data) < 1 ...
R/classif.wavFeatExt.R#L11   if (!is.matrix(data[[1]])) stop("'data ...
R/classif.wavFeatExt.R#L15   if (length(y) != n.data) stop("Length  ...
R/classif.wavFeatExt.R#L25     if (!all(vals %in% c(0, 1))) stop("' ...
R/classif.wavFeatExt.R#L31   if (!is.list(det) || !is.list(sca)) st ...
R/classif.wavFeatExt.R#L34   if (length(det) != n.sim || length(sca ...
R/classif.wavFeatExt.R#L41   if (n.data %% k != 0L) stop("'nrow(dat ...
R/classif.wavFeatExt.R#L52     if (length(unique(nr)) != 1L) stop(" ...
R/classif.wavFeatExt.R#L89           x <- if (n.sim == 1L) as.matri ...
R/classif.wavFeatExt.R#L95           x <- if (n.sim == 1L) as.matri ...
R/classif.wavFeatExt.R#L120           pred_prob <- as.numeric(predic ...
R/classif.wavFeatExt.R#L130           pred_prob <- as.numeric(predic ...
R/plot.classif.pcaica.R#L74   # Seg column is always the last of sub ...
R/plot.classif.wavFeatExt.R#L24     stop("Column names of 'AUC' (and 'CE ...
R/plot.classif.wavFeatExt.R#L29   if (length(seg_idx) != 1L) stop("Could ...
R/plot.classif.wavFeatExt.R#L48     stop("Not enough columns to plot (ne ...
R/plot.nhwt.R#L51     stop("'obj.nhwt' must be either a li ...
R/sim.CNA.R#L97     Z.sim[seq_len(n.obs / 2L), ] <- swee ...
man/CBS.Rd#L37 Circular binary segmentation for the ana ...
man/plot.classif.wavFeatExt.Rd#L40   \item Columns beginning with \code{"D" ...
man/plot.classif.wavFeatExt.Rd#L42   \item Columns beginning with \code{"S" ...
man/wavFeatExt-package.Rd#L5 \title{wavFeatExt: Wavelet-based Feature ...
man/wavFeatExt-package.Rd#L8 Utility functions for non-decimated Haar ...
man/wavFeatExt-package.Rd#L12 The package provides tools for simulatin ...
man/wavFeatExt-package.Rd#L25   \item \code{\link{classif.wavFeatExt}} ...
vignettes/wavFeatExt_vignettes.Rmd#L2 title: "wavFeatExt: Wavelet-based Featur ...
vignettes/wavFeatExt_vignettes.Rmd#L31 The **`wavFeatExt`** package implements  ...
vignettes/wavFeatExt_vignettes.Rmd#L33 In typical CNA studies, each sample is m ...
vignettes/wavFeatExt_vignettes.Rmd#L35 - decomposing each CNA profile into deta ...
vignettes/wavFeatExt_vignettes.Rmd#L39 which together provide a compact, multir ...
vignettes/wavFeatExt_vignettes.Rmd#L51 - classification wrappers for several ma ...
vignettes/wavFeatExt_vignettes.Rmd#L53 This vignette gives a short, reproducibl ...
vignettes/wavFeatExt_vignettes.Rmd#L55 For any query about the package, please  ...
vignettes/wavFeatExt_vignettes.Rmd#L58 This vignette assumes that wavFeatExt ha ...
vignettes/wavFeatExt_vignettes.Rmd#L71 or a **list** of such matrices when mult ...
vignettes/wavFeatExt_vignettes.Rmd#L79 In this vignette we will work with simul ...
vignettes/wavFeatExt_vignettes.Rmd#L85 The function **`sim.CNA()`** generates s ...
vignettes/wavFeatExt_vignettes.Rmd#L106 **`sim_dat`** is a list of length **`n.s ...
vignettes/wavFeatExt_vignettes.Rmd#L122 The core function **`wavFeatExt()`** app ...
vignettes/wavFeatExt_vignettes.Rmd#L144 Each matrix has the same dimension as th ...
vignettes/wavFeatExt_vignettes.Rmd#L149 For illustrative purposes, we can inspec ...
vignettes/wavFeatExt_vignettes.Rmd#L171 After extracting wavelet coefficients, t ...
vignettes/wavFeatExt_vignettes.Rmd#L182 - **`method`** – **`"lasso"`**, **`"elne ...
vignettes/wavFeatExt_vignettes.Rmd#L225 Depending on the simulation settings (** ...
vignettes/wavFeatExt_vignettes.Rmd#L267   **`CE`** – misclassification error for ...
vignettes/wavFeatExt_vignettes.Rmd#L271 The package provides an S3 method **`plo ...
vignettes/wavFeatExt_vignettes.Rmd#L304   D1, D2, … = detail scales, S1, S2, … = ...
vignettes/wavFeatExt_vignettes.Rmd#L308 - The red dashed line is the median perf ...
vignettes/wavFeatExt_vignettes.Rmd#L310 - The blue dotted line marks the best me ...
* NOTE: Consider multiples of 4 spaces for line indents; 870 lines (33%) are not.
First few lines:
R/CBS.R#L2   CNA.obj <- CNA(obj, chrom = chr, maplo ...
R/CBS.R#L3   seg.obj <- segment(CNA.obj) ...
R/CBS.R#L4   num.seg <- length(seg.obj$segRows$star ...
R/CBS.R#L5   cbs.seg <- numeric(length(obj)) ...
R/CBS.R#L6   for (k in seq_len(num.seg)) { ...
R/CBS.R#L8   } ...
R/CBS.R#L9   cbs.seg ...
R/classif.pcaica.R#L2                            method = c("l ...
R/classif.pcaica.R#L3                            k = 5L, ...
R/classif.pcaica.R#L4                            ite = length( ...
R/classif.pcaica.R#L5   # Classification on PCA/ICA-based feat ...
R/classif.pcaica.R#L6   # data : list of matrices (rows = obs, ...
R/classif.pcaica.R#L7   # y    : binary response (0/1 numeric  ...
R/classif.pcaica.R#L8   # pca  : list as returned by get.pca() ...
R/classif.pcaica.R#L9   # ica  : list as returned by get.ica() ...
R/classif.pcaica.R#L10   # k    : number of CV folds ...
R/classif.pcaica.R#L11   # ite  : number of CV replications ...
R/classif.pcaica.R#L12    ...
R/classif.pcaica.R#L13   method <- match.arg(method) ...
R/classif.pcaica.R#L14    ...
R/classif.pcaica.R#L15   ## --- Basic structure checks --- ...
R/classif.pcaica.R#L16   if (!is.list(data) || length(data) < 1 ...
R/classif.pcaica.R#L18   } ...
R/classif.pcaica.R#L19   if (!is.matrix(data[[1]])) { ...
R/classif.pcaica.R#L21   } ...
R/classif.pcaica.R#L22    ...
R/classif.pcaica.R#L23   n.data <- nrow(data[[1]]) ...
R/classif.pcaica.R#L24   if (n.data < k) { ...
R/classif.pcaica.R#L26   } ...
R/classif.pcaica.R#L27    ...
R/classif.pcaica.R#L28   if (length(y) != n.data) { ...
R/classif.pcaica.R#L30   } ...
R/classif.pcaica.R#L31    ...
R/classif.pcaica.R#L32   ## --- y: binary response (both factor ...
R/classif.pcaica.R#L33   if (is.factor(y)) { ...
R/classif.pcaica.R#L35       stop("'y' must be a binary factor  ...
R/classif.pcaica.R#L39   } else { ...
R/classif.pcaica.R#L43       stop("'y' must be either a 0/1 num ...
R/classif.pcaica.R#L47   } ...
R/classif.pcaica.R#L48    ...
R/classif.pcaica.R#L49   ## --- PCA & ICA structures --- ...
R/classif.pcaica.R#L50   if (!is.list(pca) || !is.list(ica)) { ...
R/classif.pcaica.R#L52   } ...
R/classif.pcaica.R#L53    ...
R/classif.pcaica.R#L54   n.sim <- length(data) ...
R/classif.pcaica.R#L55   if (length(pca) != n.sim || length(ica ...
R/classif.pcaica.R#L57   } ...
R/classif.pcaica.R#L58    ...
R/classif.pcaica.R#L59   l.pca <- length(pca[[1]]) ...
R/classif.pcaica.R#L60   l.ica <- length(ica[[1]]) ...
R/classif.pcaica.R#L61   n.features <- l.pca + l.ica + 1L  # PC ...
R/classif.pcaica.R#L62    ...
R/classif.pcaica.R#L63   if (!is.numeric(k) || k < 2) { ...
R/classif.pcaica.R#L65   } ...
R/classif.pcaica.R#L66   k <- as.integer(k) ...
R/classif.pcaica.R#L67    ...
R/classif.pcaica.R#L68   if (n.data %% k != 0L) { ...
R/classif.pcaica.R#L70   } ...
R/classif.pcaica.R#L71   fold_size <- n.data / k ...
R/classif.pcaica.R#L72    ...
R/classif.pcaica.R#L73   ite <- as.integer(ite) ...
R/classif.pcaica.R#L74   if (ite < 1L) { ...
R/classif.pcaica.R#L76   } ...
R/classif.pcaica.R#L77    ...
R/classif.pcaica.R#L78   ## --- Result containers --- ...
R/classif.pcaica.R#L79   all.mce  <- matrix(NA_real_, nrow = it ...
R/classif.pcaica.R#L80   all.mauc <- matrix(NA_real_, nrow = it ...
R/classif.pcaica.R#L81    ...
R/classif.pcaica.R#L82   for (i in seq_len(ite)) { ...
R/classif.pcaica.R#L93       ## --- Select feature set --- ...
R/classif.pcaica.R#L94       if (s <= l.pca) { ...
R/classif.pcaica.R#L96       } else if (s > l.pca && s <= l.pca ...
R/classif.pcaica.R#L98       } else { ...
R/classif.pcaica.R#L100       } ...
R/classif.pcaica.R#L101        ...
R/classif.pcaica.R#L102       ce_vec  <- numeric(k) ...
R/classif.pcaica.R#L103       auc_vec <- numeric(k) ...
R/classif.pcaica.R#L104        ...
R/classif.pcaica.R#L105       for (f in seq_len(k)) { ...
R/classif.pcaica.R#L122            ...
R/classif.pcaica.R#L123           fit <- glmnet::cv.glmnet(x.tra ...
R/classif.pcaica.R#L124                                    famil ...
R/classif.pcaica.R#L125                                    type. ...
R/classif.pcaica.R#L126                                    alpha ...
R/classif.pcaica.R#L127           pred_prob <- as.numeric( ...
R/classif.pcaica.R#L130           ) ...
R/classif.pcaica.R#L131           pred_class <- ifelse(pred_prob ...
R/classif.pcaica.R#L132           ce_vec[f] <- mean(pred_class ! ...
R/classif.pcaica.R#L133            ...
R/classif.pcaica.R#L135            ...
R/classif.pcaica.R#L136           fit <- glmnet::cv.glmnet(x.tra ...
R/classif.pcaica.R#L137                                    famil ...
R/classif.pcaica.R#L138                                    type. ...
R/classif.pcaica.R#L139                                    alpha ...
R/classif.pcaica.R#L140           pred_prob <- as.numeric( ...
R/classif.pcaica.R#L143           ) ...
R/classif.pcaica.R#L144           pred_class <- ifelse(pred_prob ...
R/classif.pcaica.R#L145           ce_vec[f] <- mean(pred_class ! ...
R/classif.pcaica.R#L146            ...
R/classif.pcaica.R#L148            ...
R/classif.pcaica.R#L149           fit <- randomForest::randomFor ...
R/classif.pcaica.R#L150           rf.class <- predict(fit, newda ...
R/classif.pcaica.R#L151           rf.vote  <- predict(fit, newda ...
R/classif.pcaica.R#L152           ## probability of the second l ...
R/classif.pcaica.R#L153           pred_prob <- rf.vote[, 2] ...
R/classif.pcaica.R#L154           ce_vec[f] <- mean(rf.class !=  ...
R/classif.pcaica.R#L155            ...
R/classif.pcaica.R#L157            ...
R/classif.pcaica.R#L158           data.train.nn <- data.frame(y  ...
R/classif.pcaica.R#L159           fit <- neuralnet::neuralnet(y  ...
R/classif.pcaica.R#L160           nn.pred <- neuralnet::compute( ...
R/classif.pcaica.R#L161           pred_prob <- as.numeric(nn.pre ...
R/classif.pcaica.R#L162           pred_class <- ifelse(pred_prob ...
R/classif.pcaica.R#L163           ce_vec[f] <- mean(pred_class ! ...
R/classif.pcaica.R#L164            ...
R/classif.pcaica.R#L166            ...
R/classif.pcaica.R#L167           fit <- caret::knn3(x.train, y. ...
R/classif.pcaica.R#L168           knn.class <- predict(fit, x.te ...
R/classif.pcaica.R#L169           knn.prob  <- predict(fit, x.te ...
R/classif.pcaica.R#L170           ## probability of second level ...
R/classif.pcaica.R#L171           pred_prob <- knn.prob[, 2] ...
R/classif.pcaica.R#L172           ce_vec[f] <- mean(knn.class != ...
R/classif.pcaica.R#L173            ...
R/classif.pcaica.R#L175            ...
R/classif.pcaica.R#L176           fit <- caret::plsda(x.train, y ...
R/classif.pcaica.R#L177           pls.class <- predict(fit, x.te ...
R/classif.pcaica.R#L178           pls.prob  <- predict(fit, x.te ...
R/classif.pcaica.R#L179           ## probability of second level ...
R/classif.pcaica.R#L180           pred_prob <- pls.prob[, 2] ...
R/classif.pcaica.R#L181           ce_vec[f] <- mean(pls.class != ...
R/classif.pcaica.R#L182            ...
R/classif.pcaica.R#L188       } ...
R/classif.pcaica.R#L189        ...
R/classif.pcaica.R#L190       mce[s]  <- mean(ce_vec) ...
R/classif.pcaica.R#L191       mauc[s] <- mean(auc_vec) ...
R/classif.pcaica.R#L196   } ...
R/classif.pcaica.R#L197    ...
R/classif.pcaica.R#L198   ## Column names (note: s = 1..l.pca ar ...
R/classif.pcaica.R#L199   pca_names <- paste0("PC", seq_len(l.pc ...
R/classif.pcaica.R#L200   ica_names <- paste0("I",  seq_len(l.ic ...
R/classif.pcaica.R#L201    ...
R/classif.pcaica.R#L202   colnames(all.mce)  <- c(pca_names, ica ...
R/classif.pcaica.R#L203   colnames(all.mauc) <- c(pca_names, ica ...
R/classif.pcaica.R#L204    ...
R/classif.pcaica.R#L205   res <- list( ...
R/classif.pcaica.R#L209   ) ...
R/classif.pcaica.R#L211   class(res) <- "classif.pcaica" ...
R/classif.pcaica.R#L212   res ...
R/classif.wavFeatExt.R#L2                                method =  ...
R/classif.wavFeatExt.R#L3                                k = 5L, ...
R/classif.wavFeatExt.R#L4                                ite = len ...
R/classif.wavFeatExt.R#L5                                all = FAL ...
R/classif.wavFeatExt.R#L6    ...
R/classif.wavFeatExt.R#L7   method <- match.arg(method) ...
R/classif.wavFeatExt.R#L8    ...
R/classif.wavFeatExt.R#L9   ## --- Basic structure checks --- ...
R/classif.wavFeatExt.R#L10   if (!is.list(data) || length(data) < 1 ...
R/classif.wavFeatExt.R#L11   if (!is.matrix(data[[1]])) stop("'data ...
R/classif.wavFeatExt.R#L12    ...
R/classif.wavFeatExt.R#L13   n.data <- nrow(data[[1]]) ...
R/classif.wavFeatExt.R#L14   if (n.data < k) stop("Number of observ ...
R/classif.wavFeatExt.R#L15   if (length(y) != n.data) stop("Length  ...
R/classif.wavFeatExt.R#L16    ...
R/classif.wavFeatExt.R#L17   ## --- y: binary response (factor & nu ...
R/classif.wavFeatExt.R#L18   if (is.factor(y)) { ...
R/classif.wavFeatExt.R#L22   } else { ...
R/classif.wavFeatExt.R#L28   } ...
R/classif.wavFeatExt.R#L29    ...
R/classif.wavFeatExt.R#L30   ## --- det & sca structures --- ...
R/classif.wavFeatExt.R#L31   if (!is.list(det) || !is.list(sca)) st ...
R/classif.wavFeatExt.R#L32    ...
R/classif.wavFeatExt.R#L33   n.sim <- length(data) ...
R/classif.wavFeatExt.R#L34   if (length(det) != n.sim || length(sca ...
R/classif.wavFeatExt.R#L35    ...
R/classif.wavFeatExt.R#L36   l.det <- length(det[[1]]) ...
R/classif.wavFeatExt.R#L37   l.sca <- length(sca[[1]]) ...
R/classif.wavFeatExt.R#L38    ...
R/classif.wavFeatExt.R#L39   if (!is.numeric(k) || k < 2) stop("'k' ...
R/classif.wavFeatExt.R#L40   k <- as.integer(k) ...
R/classif.wavFeatExt.R#L41   if (n.data %% k != 0L) stop("'nrow(dat ...
R/classif.wavFeatExt.R#L42   fold_size <- n.data / k ...
R/classif.wavFeatExt.R#L43    ...
R/classif.wavFeatExt.R#L44   ite <- as.integer(ite) ...
R/classif.wavFeatExt.R#L45   if (ite < 1L) stop("'ite' must be a po ...
R/classif.wavFeatExt.R#L46    ...
R/classif.wavFeatExt.R#L47   ## helper: gabungkan semua coef (detai ...
R/classif.wavFeatExt.R#L48   combine_all_coef <- function(det_one,  ...
R/classif.wavFeatExt.R#L54   } ...
R/classif.wavFeatExt.R#L55    ...
R/classif.wavFeatExt.R#L56   ## --- tentukan jumlah fitur sesuai mo ...
R/classif.wavFeatExt.R#L57   if (!isTRUE(all)) { ...
R/classif.wavFeatExt.R#L62   } else { ...
R/classif.wavFeatExt.R#L66   } ...
R/classif.wavFeatExt.R#L67    ...
R/classif.wavFeatExt.R#L68   ## --- Result containers --- ...
R/classif.wavFeatExt.R#L69   all.mce  <- matrix(NA_real_, nrow = it ...
R/classif.wavFeatExt.R#L70   all.mauc <- matrix(NA_real_, nrow = it ...
R/classif.wavFeatExt.R#L71    ...
R/classif.wavFeatExt.R#L72   for (i in seq_len(ite)) { ...
R/classif.wavFeatExt.R#L81        ...
R/classif.wavFeatExt.R#L82       ## --- Select feature set --- ...
R/classif.wavFeatExt.R#L83       if (!isTRUE(all)) { ...
R/classif.wavFeatExt.R#L85           x <- as.matrix(det[[idx.sim]][ ...
R/classif.wavFeatExt.R#L87           x <- as.matrix(sca[[idx.sim]][ ...
R/classif.wavFeatExt.R#L89           x <- if (n.sim == 1L) as.matri ...
R/classif.wavFeatExt.R#L91       } else { ...
R/classif.wavFeatExt.R#L93           x <- combine_all_coef(det[[idx ...
R/classif.wavFeatExt.R#L95           x <- if (n.sim == 1L) as.matri ...
R/classif.wavFeatExt.R#L97       } ...
R/classif.wavFeatExt.R#L98        ...
R/classif.wavFeatExt.R#L99       ce_vec  <- numeric(k) ...
R/classif.wavFeatExt.R#L100       auc_vec <- numeric(k) ...
R/classif.wavFeatExt.R#L101        ...
R/classif.wavFeatExt.R#L102       for (f in seq_len(k)) { ...
R/classif.wavFeatExt.R#L115            ...
R/classif.wavFeatExt.R#L116           fit <- glmnet::cv.glmnet(x.tra ...
R/classif.wavFeatExt.R#L117                                    famil ...
R/classif.wavFeatExt.R#L118                                    type. ...
R/classif.wavFeatExt.R#L119                                    alpha ...
R/classif.wavFeatExt.R#L120           pred_prob <- as.numeric(predic ...
R/classif.wavFeatExt.R#L121           pred_class <- ifelse(pred_prob ...
R/classif.wavFeatExt.R#L122           ce_vec[f] <- mean(pred_class ! ...
R/classif.wavFeatExt.R#L123            ...
R/classif.wavFeatExt.R#L125            ...
R/classif.wavFeatExt.R#L126           fit <- glmnet::cv.glmnet(x.tra ...
R/classif.wavFeatExt.R#L127                                    famil ...
R/classif.wavFeatExt.R#L128                                    type. ...
R/classif.wavFeatExt.R#L129                                    alpha ...
R/classif.wavFeatExt.R#L130           pred_prob <- as.numeric(predic ...
R/classif.wavFeatExt.R#L131           pred_class <- ifelse(pred_prob ...
R/classif.wavFeatExt.R#L132           ce_vec[f] <- mean(pred_class ! ...
R/classif.wavFeatExt.R#L133            ...
R/classif.wavFeatExt.R#L135            ...
R/classif.wavFeatExt.R#L136           fit <- randomForest::randomFor ...
R/classif.wavFeatExt.R#L137           rf.class <- predict(fit, newda ...
R/classif.wavFeatExt.R#L138           rf.vote  <- predict(fit, newda ...
R/classif.wavFeatExt.R#L139           pred_prob <- rf.vote[, 2] ...
R/classif.wavFeatExt.R#L140           ce_vec[f] <- mean(rf.class !=  ...
R/classif.wavFeatExt.R#L141            ...
R/classif.wavFeatExt.R#L143            ...
R/classif.wavFeatExt.R#L144           data.train.nn <- data.frame(y  ...
R/classif.wavFeatExt.R#L145           fit <- neuralnet::neuralnet(y  ...
R/classif.wavFeatExt.R#L146           nn.pred <- neuralnet::compute( ...
R/classif.wavFeatExt.R#L147           pred_prob <- as.numeric(nn.pre ...
R/classif.wavFeatExt.R#L148           pred_class <- ifelse(pred_prob ...
R/classif.wavFeatExt.R#L149           ce_vec[f] <- mean(pred_class ! ...
R/classif.wavFeatExt.R#L150            ...
R/classif.wavFeatExt.R#L152            ...
R/classif.wavFeatExt.R#L153           fit <- caret::knn3(x.train, y. ...
R/classif.wavFeatExt.R#L154           knn.class <- predict(fit, x.te ...
R/classif.wavFeatExt.R#L155           knn.prob  <- predict(fit, x.te ...
R/classif.wavFeatExt.R#L156           pred_prob <- knn.prob[, 2] ...
R/classif.wavFeatExt.R#L157           ce_vec[f] <- mean(knn.class != ...
R/classif.wavFeatExt.R#L158            ...
R/classif.wavFeatExt.R#L160            ...
R/classif.wavFeatExt.R#L161           fit <- caret::plsda(x.train, y ...
R/classif.wavFeatExt.R#L162           pls.class <- predict(fit, x.te ...
R/classif.wavFeatExt.R#L163           pls.prob  <- predict(fit, x.te ...
R/classif.wavFeatExt.R#L164           pred_prob <- pls.prob[, 2] ...
R/classif.wavFeatExt.R#L165           ce_vec[f] <- mean(pls.class != ...
R/classif.wavFeatExt.R#L166            ...
R/classif.wavFeatExt.R#L168           stop("Unknown 'method'.") ...
R/classif.wavFeatExt.R#L173       } ...
R/classif.wavFeatExt.R#L174        ...
R/classif.wavFeatExt.R#L175       mce[s]  <- mean(ce_vec) ...
R/classif.wavFeatExt.R#L176       mauc[s] <- mean(auc_vec) ...
R/classif.wavFeatExt.R#L181   } ...
R/classif.wavFeatExt.R#L182    ...
R/classif.wavFeatExt.R#L183   colnames(all.mce)  <- feat_names ...
R/classif.wavFeatExt.R#L184   colnames(all.mauc) <- feat_names ...
R/classif.wavFeatExt.R#L185    ...
R/classif.wavFeatExt.R#L186   res <- list( ...
R/classif.wavFeatExt.R#L191   ) ...
R/classif.wavFeatExt.R#L192   class(res) <- "classif.wavFeatExt" ...
R/classif.wavFeatExt.R#L193   res ...
R/get.ica.R#L2    ...
R/get.ica.R#L3   if (missing(k) || length(k) != 1L || k ...
R/get.ica.R#L5   } ...
R/get.ica.R#L6   k <- as.integer(k) ...
R/get.ica.R#L7    ...
R/get.ica.R#L8   ## Normalise x to a list of numeric ma ...
R/get.ica.R#L9   if (is.matrix(x) || is.data.frame(x))  ...
R/get.ica.R#L11   } else if (is.list(x)) { ...
R/get.ica.R#L13       if (!is.matrix(z)) { ...
R/get.ica.R#L15       } ...
R/get.ica.R#L16       if (!is.numeric(z)) { ...
R/get.ica.R#L18       } ...
R/get.ica.R#L19       z ...
R/get.ica.R#L21   } else { ...
R/get.ica.R#L23   } ...
R/get.ica.R#L24    ...
R/get.ica.R#L25   n.set <- length(x_list) ...
R/get.ica.R#L26   if (n.set == 0L) { ...
R/get.ica.R#L28   } ...
R/get.ica.R#L29    ...
R/get.ica.R#L30   all.res <- vector("list", n.set) ...
R/get.ica.R#L31    ...
R/get.ica.R#L32   for (i in seq_len(n.set)) { ...
R/get.ica.R#L36       stop("For all matrices in 'x', the ...
R/get.ica.R#L46       comp_list[[j - 1L]] <- as.matrix(S ...
R/get.ica.R#L50   } ...
R/get.ica.R#L51    ...
R/get.ica.R#L52   all.res ...
R/get.pca.R#L2   if (missing(k) || length(k) != 1L || k ...
R/get.pca.R#L4   } ...
R/get.pca.R#L5   k <- as.integer(k) ...
R/get.pca.R#L6    ...
R/get.pca.R#L7   ## Normalise input to list of matrices ...
R/get.pca.R#L8   if (is.matrix(x) || is.data.frame(x))  ...
R/get.pca.R#L10   } else if (is.list(x)) { ...
R/get.pca.R#L12       if (!is.matrix(z)) z <- as.matrix( ...
R/get.pca.R#L13       if (!is.numeric(z)) stop("All matr ...
R/get.pca.R#L14       z ...
R/get.pca.R#L16   } else { ...
R/get.pca.R#L18   } ...
R/get.pca.R#L19    ...
R/get.pca.R#L20   all.res <- vector("list", length(x_lis ...
R/get.pca.R#L21    ...
R/get.pca.R#L22   for (i in seq_len(length(x_list))) { ...
R/get.pca.R#L31       stop( ...
R/get.pca.R#L34       ) ...
R/get.pca.R#L40   } ...
R/get.pca.R#L41    ...
R/get.pca.R#L42   all.res ...
R/nhwt.R#L2   # Non-decimated Haar wavelet transform ...
R/nhwt.R#L3   # Legacy function, kept for compatibil ...
R/nhwt.R#L4    ...
R/nhwt.R#L5   type <- match.arg(type) ...
R/nhwt.R#L6    ...
R/nhwt.R#L7   ## Coerce to matrix like original vers ...
R/nhwt.R#L8   ## - if vector: 1 x n (1 sample, n loc ...
R/nhwt.R#L9   ## - if matrix/data.frame: rows = samp ...
R/nhwt.R#L10   if (is.null(nrow(data))) { ...
R/nhwt.R#L12   } else if (!is.matrix(data)) { ...
R/nhwt.R#L14   } ...
R/nhwt.R#L15    ...
R/nhwt.R#L16   n.sampl <- nrow(data) ...
R/nhwt.R#L17   n       <- ncol(data) ...
R/nhwt.R#L18    ...
R/nhwt.R#L19   if (n.sampl <= 0L || n <= 0L) { ...
R/nhwt.R#L21   } ...
R/nhwt.R#L22   if (n < 2L) { ...
R/nhwt.R#L24   } ...
R/nhwt.R#L25    ...
R/nhwt.R#L26   ## Extend to next power of two by cons ...
R/nhwt.R#L27   n.up     <- ceiling(log2(n)) ...
R/nhwt.R#L28   n.extend <- 2^n.up ...
R/nhwt.R#L29   n.res    <- n.extend - n ...
R/nhwt.R#L30    ...
R/nhwt.R#L31   if (n.res == 0L) { ...
R/nhwt.R#L34   } else { ...
R/nhwt.R#L39       data.extend[i, ] <- c(rep(1, left) ...
R/nhwt.R#L41   } ...
R/nhwt.R#L42    ...
R/nhwt.R#L43   if (n.up <= 1L) { ...
R/nhwt.R#L45   } ...
R/nhwt.R#L46    ...
R/nhwt.R#L47   coef.ndwt <- vector("list", n.up - 1L) ...
R/nhwt.R#L48   data.ndwt <- vector("list", n.up - 1L) ...
R/nhwt.R#L49    ...
R/nhwt.R#L50   for (i in seq_len(n.up - 1L)) { ...
R/nhwt.R#L53   } ...
R/nhwt.R#L54    ...
R/nhwt.R#L55   scale <- 1L ...
R/nhwt.R#L56   for (k in (n.up - 1L):1L) { ...
R/nhwt.R#L58       wt <- wd(data.extend[i, ], ...
R/nhwt.R#L59                filter.number = 1, ...
R/nhwt.R#L60                family        = "DaubExPh ...
R/nhwt.R#L61                type          = "station" ...
R/nhwt.R#L62        ...
R/nhwt.R#L63       temp <- if (type == "detail") { ...
R/nhwt.R#L65       } else { ...
R/nhwt.R#L67       } ...
R/nhwt.R#L68        ...
R/nhwt.R#L69       if (n.res == 0L) { ...
R/nhwt.R#L71           temp[1:(n - (2^(scale - 1L) -  ...
R/nhwt.R#L73           temp[(n - (2^(scale - 1L) - 1L ...
R/nhwt.R#L75       } else { ...
R/nhwt.R#L77           temp[1:(n.extend - (2^(scale - ...
R/nhwt.R#L79           temp[(n.extend - (2^(scale - 1 ...
R/nhwt.R#L84           coef.ndwt[[scale]][i, start.id ...
R/nhwt.R#L85       } ...
R/nhwt.R#L88   } ...
R/nhwt.R#L89    ...
R/nhwt.R#L90   class(data.ndwt) <- "nhwt" ...
R/nhwt.R#L91   data.ndwt ...
R/plot.classif.pcaica.R#L6   # x: result from classif.pcaica() ...
R/plot.classif.pcaica.R#L7   type  <- match.arg(type) ...
R/plot.classif.pcaica.R#L8   d.type <- match.arg(d.type) ...
R/plot.classif.pcaica.R#L9    ...
R/plot.classif.pcaica.R#L10   ## --- Basic checks --- ...
R/plot.classif.pcaica.R#L11   if (!is.list(x) || is.null(x$CE) || is ...
R/plot.classif.pcaica.R#L13   } ...
R/plot.classif.pcaica.R#L14    ...
R/plot.classif.pcaica.R#L15   CE  <- x$CE ...
R/plot.classif.pcaica.R#L16   AUC <- x$AUC ...
R/plot.classif.pcaica.R#L17    ...
R/plot.classif.pcaica.R#L18   if (is.vector(CE))  CE  <- matrix(CE,  ...
R/plot.classif.pcaica.R#L19   if (is.vector(AUC)) AUC <- matrix(AUC, ...
R/plot.classif.pcaica.R#L20    ...
R/plot.classif.pcaica.R#L21   if (ncol(CE) != ncol(AUC)) { ...
R/plot.classif.pcaica.R#L23   } ...
R/plot.classif.pcaica.R#L24    ...
R/plot.classif.pcaica.R#L25   cn <- colnames(AUC) ...
R/plot.classif.pcaica.R#L26   if (is.null(cn)) { ...
R/plot.classif.pcaica.R#L28   } ...
R/plot.classif.pcaica.R#L29    ...
R/plot.classif.pcaica.R#L30   ## --- Identify PCA / ICA / seg column ...
R/plot.classif.pcaica.R#L31   pc_idx  <- grep("^PC[0-9]+$", cn) ...
R/plot.classif.pcaica.R#L32   ic_idx  <- grep("^I[0-9]+$",  cn) ...
R/plot.classif.pcaica.R#L33   seg_idx <- which(cn == "seg") ...
R/plot.classif.pcaica.R#L34    ...
R/plot.classif.pcaica.R#L35   if (length(seg_idx) != 1L) { ...
R/plot.classif.pcaica.R#L37   } ...
R/plot.classif.pcaica.R#L38    ...
R/plot.classif.pcaica.R#L39   if (length(pc_idx) == 0L && d.type %in ...
R/plot.classif.pcaica.R#L41   } ...
R/plot.classif.pcaica.R#L42   if (length(ic_idx) == 0L && d.type %in ...
R/plot.classif.pcaica.R#L44   } ...
R/plot.classif.pcaica.R#L45    ...
R/plot.classif.pcaica.R#L46   idx <- switch(d.type, ...
R/plot.classif.pcaica.R#L50   ) ...
R/plot.classif.pcaica.R#L51   idx <- idx[idx > 0L]  # buang indeks k ...
R/plot.classif.pcaica.R#L52    ...
R/plot.classif.pcaica.R#L53   if (length(idx) == 0L) { ...
R/plot.classif.pcaica.R#L55   } ...
R/plot.classif.pcaica.R#L56    ...
R/plot.classif.pcaica.R#L57   subset_CE  <- CE[,  idx, drop = FALSE] ...
R/plot.classif.pcaica.R#L58   subset_AUC <- AUC[, idx, drop = FALSE] ...
R/plot.classif.pcaica.R#L59   labels     <- cn[idx] ...
R/plot.classif.pcaica.R#L60    ...
R/plot.classif.pcaica.R#L61   ## --- Pilih matriks mana yang dipakai ...
R/plot.classif.pcaica.R#L62   if (type == "AUC") { ...
R/plot.classif.pcaica.R#L65   } else { ...
R/plot.classif.pcaica.R#L68   } ...
R/plot.classif.pcaica.R#L69    ...
R/plot.classif.pcaica.R#L70   ## --- Boxplot --- ...
R/plot.classif.pcaica.R#L71   boxplot(mat, names = labels, main = ma ...
R/plot.classif.pcaica.R#L72    ...
R/plot.classif.pcaica.R#L73   ## --- Garis referensi horizontal --- ...
R/plot.classif.pcaica.R#L74   # Seg column is always the last of sub ...
R/plot.classif.pcaica.R#L75   seg_col <- ncol(mat) ...
R/plot.classif.pcaica.R#L76   seg_vals <- mat[, seg_col] ...
R/plot.classif.pcaica.R#L77    ...
R/plot.classif.pcaica.R#L78   seg_med <- stats::median(seg_vals, na. ...
R/plot.classif.pcaica.R#L79   feat_meds <- matrixStats::colMedians(m ...
R/plot.classif.pcaica.R#L80    ...
R/plot.classif.pcaica.R#L81   if (type == "AUC") { ...
R/plot.classif.pcaica.R#L87   } else { ...
R/plot.classif.pcaica.R#L93   } ...
R/plot.classif.pcaica.R#L94    ...
R/plot.classif.pcaica.R#L95   invisible(NULL) ...
R/plot.classif.wavFeatExt.R#L5   type <- match.arg(type) ...
R/plot.classif.wavFeatExt.R#L6    ...
R/plot.classif.wavFeatExt.R#L7   ## --- Basic checks --- ...
R/plot.classif.wavFeatExt.R#L8   if (!is.list(x) || is.null(x$CE) || is ...
R/plot.classif.wavFeatExt.R#L10   } ...
R/plot.classif.wavFeatExt.R#L11    ...
R/plot.classif.wavFeatExt.R#L12   CE  <- x$CE ...
R/plot.classif.wavFeatExt.R#L13   AUC <- x$AUC ...
R/plot.classif.wavFeatExt.R#L14    ...
R/plot.classif.wavFeatExt.R#L15   if (is.vector(CE))  CE  <- matrix(CE,  ...
R/plot.classif.wavFeatExt.R#L16   if (is.vector(AUC)) AUC <- matrix(AUC, ...
R/plot.classif.wavFeatExt.R#L17    ...
R/plot.classif.wavFeatExt.R#L18   if (ncol(CE) != ncol(AUC)) { ...
R/plot.classif.wavFeatExt.R#L20   } ...
R/plot.classif.wavFeatExt.R#L21    ...
R/plot.classif.wavFeatExt.R#L22   cn <- colnames(AUC) ...
R/plot.classif.wavFeatExt.R#L23   if (is.null(cn)) { ...
R/plot.classif.wavFeatExt.R#L25   } ...
R/plot.classif.wavFeatExt.R#L26    ...
R/plot.classif.wavFeatExt.R#L27   ## --- Identifikasi kolom --- ...
R/plot.classif.wavFeatExt.R#L28   seg_idx <- which(cn == "seg") ...
R/plot.classif.wavFeatExt.R#L29   if (length(seg_idx) != 1L) stop("Could ...
R/plot.classif.wavFeatExt.R#L30    ...
R/plot.classif.wavFeatExt.R#L31   # D*, S* (mode per skala) ...
R/plot.classif.wavFeatExt.R#L32   d_idx <- grep("^D[0-9]+$", cn) ...
R/plot.classif.wavFeatExt.R#L33   s_idx <- grep("^S[0-9]+$", cn) ...
R/plot.classif.wavFeatExt.R#L34    ...
R/plot.classif.wavFeatExt.R#L35   # ALL (mode all=TRUE). fleksibel: ALL  ...
R/plot.classif.wavFeatExt.R#L36   all_idx <- grep("^ALL($|[A-Za-z0-9_]+$ ...
R/plot.classif.wavFeatExt.R#L37    ...
R/plot.classif.wavFeatExt.R#L38   ## --- Tentukan kolom yang diplot --- ...
R/plot.classif.wavFeatExt.R#L39   if (length(all_idx) >= 1L) { ...
R/plot.classif.wavFeatExt.R#L42   } else { ...
R/plot.classif.wavFeatExt.R#L45   } ...
R/plot.classif.wavFeatExt.R#L46    ...
R/plot.classif.wavFeatExt.R#L47   if (length(idx) < 2L) { ...
R/plot.classif.wavFeatExt.R#L49   } ...
R/plot.classif.wavFeatExt.R#L50    ...
R/plot.classif.wavFeatExt.R#L51   ## --- Pilih matriks yang akan diplot  ...
R/plot.classif.wavFeatExt.R#L52   if (type == "AUC") { ...
R/plot.classif.wavFeatExt.R#L55   } else { ...
R/plot.classif.wavFeatExt.R#L58   } ...
R/plot.classif.wavFeatExt.R#L59    ...
R/plot.classif.wavFeatExt.R#L60   labels <- colnames(mat) ...
R/plot.classif.wavFeatExt.R#L61    ...
R/plot.classif.wavFeatExt.R#L62   ## --- Boxplot --- ...
R/plot.classif.wavFeatExt.R#L63   boxplot(mat, names = labels, main = ma ...
R/plot.classif.wavFeatExt.R#L64    ...
R/plot.classif.wavFeatExt.R#L65   ## --- Garis referensi (seg dan best)  ...
R/plot.classif.wavFeatExt.R#L66   seg_col <- which(labels == "seg") ...
R/plot.classif.wavFeatExt.R#L67   if (length(seg_col) == 1L) { ...
R/plot.classif.wavFeatExt.R#L73       best_val <- max(feat_meds, na.rm = ...
R/plot.classif.wavFeatExt.R#L75       best_val <- min(feat_meds, na.rm = ...
R/plot.classif.wavFeatExt.R#L80   } ...
R/plot.classif.wavFeatExt.R#L81    ...
R/plot.classif.wavFeatExt.R#L82   invisible(NULL) ...
R/plot.nhwt.R#L12                       coef  = c("detail" ...
R/plot.nhwt.R#L13                       type  = c("global" ...
R/plot.nhwt.R#L14                       scale = "all", ...
R/plot.nhwt.R#L15                       ...) { ...
R/plot.nhwt.R#L16   # biar tidak banyak ubah logika, kita  ...
R/plot.nhwt.R#L17   obj.nhwt <- x ...
R/plot.nhwt.R#L18    ...
R/plot.nhwt.R#L19   coef <- match.arg(coef) ...
R/plot.nhwt.R#L20   type <- match.arg(type) ...
R/plot.nhwt.R#L21    ...
R/plot.nhwt.R#L22   ## --- Coerce obj.nhwt into a matrix:  ...
R/plot.nhwt.R#L23   if (is.list(obj.nhwt)) { ...
R/plot.nhwt.R#L26       stop("'obj.nhwt' list is empty.") ...
R/plot.nhwt.R#L31       stop("'obj.nhwt' elements must hav ...
R/plot.nhwt.R#L37       m <- as.matrix(obj.nhwt[[lev]]) ...
R/plot.nhwt.R#L38       if (ncol(m) != n) { ...
R/plot.nhwt.R#L40       } ...
R/plot.nhwt.R#L41       coef_mat[lev, ] <- as.numeric(m[1, ...
R/plot.nhwt.R#L43   } else if (is.matrix(obj.nhwt)) { ...
R/plot.nhwt.R#L48       stop("'obj.nhwt' matrix must have  ...
R/plot.nhwt.R#L50   } else { ...
R/plot.nhwt.R#L52   } ...
R/plot.nhwt.R#L53    ...
R/plot.nhwt.R#L54   ## --- Handle 'scale' argument --- ...
R/plot.nhwt.R#L55   if (identical(scale, "all")) { ...
R/plot.nhwt.R#L57   } else { ...
R/plot.nhwt.R#L60       stop("'scale' must be \"all\" or a ...
R/plot.nhwt.R#L64       stop("'scale' must be between 1 an ...
R/plot.nhwt.R#L66   } ...
R/plot.nhwt.R#L67    ...
R/plot.nhwt.R#L68   ## --- Set up plot labels --- ...
R/plot.nhwt.R#L69   main_title <- if (coef == "detail") { ...
R/plot.nhwt.R#L71   } else { ...
R/plot.nhwt.R#L73   } ...
R/plot.nhwt.R#L74    ...
R/plot.nhwt.R#L75   if (plot_all_scales) { ...
R/plot.nhwt.R#L79          xlab = "", ...
R/plot.nhwt.R#L80          ylab = "Scale", ...
R/plot.nhwt.R#L81          xlim = c(1, n), ...
R/plot.nhwt.R#L82          ylim = c(0, ylim_max), ...
R/plot.nhwt.R#L83          yaxt = "n", ...
R/plot.nhwt.R#L84          main = main_title) ...
R/plot.nhwt.R#L87          at     = seq(1, 2 * n.scales -  ...
R/plot.nhwt.R#L88          labels = seq_len(n.scales)) ...
R/plot.nhwt.R#L91       scale_factor <- max(abs(coef_mat)) ...
R/plot.nhwt.R#L92       if (scale_factor == 0) { ...
R/plot.nhwt.R#L94       } ...
R/plot.nhwt.R#L95       for (lev in seq_len(n.scales)) { ...
R/plot.nhwt.R#L99           lines(c(i, i), ...
R/plot.nhwt.R#L102       } ...
R/plot.nhwt.R#L104       for (lev in seq_len(n.scales)) { ...
R/plot.nhwt.R#L110           lines(c(i, i), ...
R/plot.nhwt.R#L113       } ...
R/plot.nhwt.R#L115   } else { ...
R/plot.nhwt.R#L118          xlab = "", ...
R/plot.nhwt.R#L119          ylab = "Scale", ...
R/plot.nhwt.R#L120          xlim = c(1, n), ...
R/plot.nhwt.R#L121          ylim = c(0, 2), ...
R/plot.nhwt.R#L122          yaxt = "n", ...
R/plot.nhwt.R#L123          main = main_title) ...
R/plot.nhwt.R#L132       lines(c(i, i), ...
R/plot.nhwt.R#L135   } ...
R/plot.nhwt.R#L136    ...
R/plot.nhwt.R#L137   invisible(NULL) ...
R/seg.R#L2   if (!is.matrix(test.noise)) { ...
R/seg.R#L4   } ...
R/seg.R#L5    ...
R/seg.R#L6   nrow.x <- nrow(test.noise) ...
R/seg.R#L7   n <- ncol(test.noise) ...
R/seg.R#L8    ...
R/seg.R#L9   if (nrow.x == 0L || n == 0L) { ...
R/seg.R#L11   } ...
R/seg.R#L12    ...
R/seg.R#L13   ## Currently only CBS is implemented ...
R/seg.R#L14   if (!identical(denoise, "CBS")) { ...
R/seg.R#L16   } ...
R/seg.R#L17    ...
R/seg.R#L18   ## Segmentation ...
R/seg.R#L19   test.seg <- matrix(NA_real_, nrow.x, n ...
R/seg.R#L20    ...
R/seg.R#L21   for (i in seq_len(nrow.x)) { ...
R/seg.R#L23   } ...
R/seg.R#L24    ...
R/seg.R#L25   test.seg ...
R/sim.CNA.R#L10   # Function to generate CNA data ...
R/sim.CNA.R#L11   # Author: Arief Gusnanto (a.gusnanto@l ...
R/sim.CNA.R#L12    ...
R/sim.CNA.R#L13   ## Basic checks ...
R/sim.CNA.R#L14   n.obs <- as.integer(n.obs) ...
R/sim.CNA.R#L15   p     <- as.integer(p) ...
R/sim.CNA.R#L16   n.sim <- as.integer(n.sim) ...
R/sim.CNA.R#L17   n.block <- as.integer(n.block) ...
R/sim.CNA.R#L18    ...
R/sim.CNA.R#L19   if (n.obs <= 0L || p <= 0L) { ...
R/sim.CNA.R#L21   } ...
R/sim.CNA.R#L22   if (n.obs %% 2L != 0L) { ...
R/sim.CNA.R#L24   } ...
R/sim.CNA.R#L25   if (n.sim <= 0L) { ...
R/sim.CNA.R#L27   } ...
R/sim.CNA.R#L28   if (!block.diff %in% c("A", "B")) { ...
R/sim.CNA.R#L30   } ...
R/sim.CNA.R#L31   if (p %% n.block != 0L) { ...
R/sim.CNA.R#L33   } ...
R/sim.CNA.R#L34    ...
R/sim.CNA.R#L35   size.block <- p / n.block ...
R/sim.CNA.R#L36    ...
R/sim.CNA.R#L37   ## true.mu: mean levels across genomic ...
R/sim.CNA.R#L38   if (is.null(true.mu)) { ...
R/sim.CNA.R#L41                  rep(1.5, size.block), ...
R/sim.CNA.R#L42                  rep(1,   size.block), ...
R/sim.CNA.R#L43                  rep(0.5, size.block)) ...
R/sim.CNA.R#L45   } ...
R/sim.CNA.R#L46   if (length(true.mu) != p) { ...
R/sim.CNA.R#L48   } ...
R/sim.CNA.R#L49    ...
R/sim.CNA.R#L50   ## Covariance matrix of the simulated  ...
R/sim.CNA.R#L51   true.Sigma <- matrix(0, p, p) ...
R/sim.CNA.R#L52    ...
R/sim.CNA.R#L53   ## Within-block correlations ...
R/sim.CNA.R#L54   temp.within <- matrix(true.rho, size.b ...
R/sim.CNA.R#L55   for (k in seq_len(n.block)) { ...
R/sim.CNA.R#L58   } ...
R/sim.CNA.R#L59    ...
R/sim.CNA.R#L60   ## Between-block correlations ...
R/sim.CNA.R#L61   if (n.block > 1L) { ...
R/sim.CNA.R#L64       idx1 <- ((k - 1L) * size.block + 1 ...
R/sim.CNA.R#L65       idx2 <- (k * size.block + 1L):((k  ...
R/sim.CNA.R#L66       true.Sigma[idx2, idx1] <- temp.bet ...
R/sim.CNA.R#L67       true.Sigma[idx1, idx2] <- temp.bet ...
R/sim.CNA.R#L69   } ...
R/sim.CNA.R#L70   diag(true.Sigma) <- 1 ...
R/sim.CNA.R#L71    ...
R/sim.CNA.R#L72   ## True differences between groups ...
R/sim.CNA.R#L73   if (block.diff == "B") { ...
R/sim.CNA.R#L75       rep(effect.diff,  size.block), ...
R/sim.CNA.R#L76       rep(-effect.diff, size.block), ...
R/sim.CNA.R#L77       rep(-effect.diff, size.block), ...
R/sim.CNA.R#L78       rep(effect.diff,  size.block), ...
R/sim.CNA.R#L79       rep(0, p - 4L * size.block) ...
R/sim.CNA.R#L81   } else {  # block.diff == "A" ...
R/sim.CNA.R#L83       rep(effect.diff,  size.block), ...
R/sim.CNA.R#L84       rep(-effect.diff, size.block), ...
R/sim.CNA.R#L85       rep(0, p - 2L * size.block) ...
R/sim.CNA.R#L87   } ...
R/sim.CNA.R#L88    ...
R/sim.CNA.R#L89   ## Simulate data sets ...
R/sim.CNA.R#L90   sim.dat <- vector("list", n.sim) ...
R/sim.CNA.R#L91    ...
R/sim.CNA.R#L92   for (j in seq_len(n.sim)) { ...
R/sim.CNA.R#L98                                          ...
R/sim.CNA.R#L103   } ...
R/sim.CNA.R#L104    ...
R/sim.CNA.R#L105   sim.dat ...
R/wavFeatExt.R#L2   # Feature extraction using non-decimat ...
R/wavFeatExt.R#L3   # data: matrix, list of matrices, or o ...
R/wavFeatExt.R#L4   # type: "detail" or "scaling" ...
R/wavFeatExt.R#L5    ...
R/wavFeatExt.R#L6   type <- match.arg(type) ...
R/wavFeatExt.R#L7    ...
R/wavFeatExt.R#L8   ## Normalise input to a list of matric ...
R/wavFeatExt.R#L9   if (is.matrix(data)) { ...
R/wavFeatExt.R#L11   } else if (is.data.frame(data)) { ...
R/wavFeatExt.R#L13   } else if (is.list(data)) { ...
R/wavFeatExt.R#L15       if (!is.matrix(x)) as.matrix(x) el ...
R/wavFeatExt.R#L17   } else { ...
R/wavFeatExt.R#L19   } ...
R/wavFeatExt.R#L20    ...
R/wavFeatExt.R#L21   n.sim <- length(data_list) ...
R/wavFeatExt.R#L22   if (n.sim == 0L) { ...
R/wavFeatExt.R#L24   } ...
R/wavFeatExt.R#L25    ...
R/wavFeatExt.R#L26   ## Apply NHWT to each data matrix ...
R/wavFeatExt.R#L27   res <- vector("list", n.sim) ...
R/wavFeatExt.R#L28   for (j in seq_len(n.sim)) { ...
R/wavFeatExt.R#L30   } ...
R/wavFeatExt.R#L31    ...
R/wavFeatExt.R#L32   res ...
wavFeatExt/NAMESPACE#L2        seg, sim.CNA, wavFeatExt) ...
man/CBS.Rd#L12   \item{obj}{ ...
man/CBS.Rd#L15   } ...
man/CBS.Rd#L16   \item{chr}{ ...
man/CBS.Rd#L20   } ...
man/CBS.Rd#L56      xlab = "Genomic position", ylab = " ...
man/CBS.Rd#L59        col = c(1, 2), lty = c(NA, 1), pc ...
man/classif.pcaica.Rd#L16                k, ite = length(data)) ...
man/classif.pcaica.Rd#L19   \item{data}{ ...
man/classif.pcaica.Rd#L24   } ...
man/classif.pcaica.Rd#L25   \item{y}{ ...
man/classif.pcaica.Rd#L30   } ...
man/classif.pcaica.Rd#L31   \item{pca}{ ...
man/classif.pcaica.Rd#L36   } ...
man/classif.pcaica.Rd#L37   \item{ica}{ ...
man/classif.pcaica.Rd#L42   } ...
man/classif.pcaica.Rd#L43   \item{method}{ ...
man/classif.pcaica.Rd#L49   } ...
man/classif.pcaica.Rd#L50   \item{k}{ ...
man/classif.pcaica.Rd#L53   } ...
man/classif.pcaica.Rd#L54   \item{ite}{ ...
man/classif.pcaica.Rd#L58   } ...
man/classif.pcaica.Rd#L82   Numeric matrix of cross-validated misc ...
man/classif.pcaica.Rd#L83   Rows correspond to replications (of le ...
man/classif.pcaica.Rd#L84   columns to feature sets (PCA-based, IC ...
man/classif.pcaica.Rd#L85   original/segmented data). ...
man/classif.pcaica.Rd#L88   Numeric matrix of cross-validated area ...
man/classif.pcaica.Rd#L89   The dimensions and column names match  ...
man/classif.pcaica.Rd#L92   Character string giving the classifica ...
man/classif.pcaica.Rd#L129                       method = "lasso",  ...
man/classif.wavFeatExt.Rd#L16   \item{data}{ ...
man/classif.wavFeatExt.Rd#L20   } ...
man/classif.wavFeatExt.Rd#L21   \item{y}{ ...
man/classif.wavFeatExt.Rd#L26   } ...
man/classif.wavFeatExt.Rd#L27   \item{det}{ ...
man/classif.wavFeatExt.Rd#L32   } ...
man/classif.wavFeatExt.Rd#L33   \item{sca}{ ...
man/classif.wavFeatExt.Rd#L38   } ...
man/classif.wavFeatExt.Rd#L39   \item{method}{ ...
man/classif.wavFeatExt.Rd#L45   } ...
man/classif.wavFeatExt.Rd#L46   \item{k}{ ...
man/classif.wavFeatExt.Rd#L49   } ...
man/classif.wavFeatExt.Rd#L50   \item{ite}{ ...
man/classif.wavFeatExt.Rd#L54   } ...
man/classif.wavFeatExt.Rd#L78   Numeric matrix of cross-validated misc ...
man/classif.wavFeatExt.Rd#L79   Rows correspond to replications (of le ...
man/classif.wavFeatExt.Rd#L80   columns to feature sets (wavelet detai ...
man/classif.wavFeatExt.Rd#L81   scaling features, and the original/seg ...
man/classif.wavFeatExt.Rd#L84   Numeric matrix of cross-validated area ...
man/classif.wavFeatExt.Rd#L85   The dimensions and column names match  ...
man/classif.wavFeatExt.Rd#L88   Character string giving the classifica ...
man/classif.wavFeatExt.Rd#L124                           method = "lass ...
man/get.ica.Rd#L15   \item{x}{ ...
man/get.ica.Rd#L20   } ...
man/get.ica.Rd#L21   \item{k}{ ...
man/get.ica.Rd#L24   } ...
man/get.ica.Rd#L25   \item{\dots}{ ...
man/get.ica.Rd#L28   } ...
man/get.pca.Rd#L15   \item{x}{ ...
man/get.pca.Rd#L20   } ...
man/get.pca.Rd#L21   \item{k}{ ...
man/get.pca.Rd#L24   } ...
man/get.pca.Rd#L25   \item{\dots}{ ...
man/get.pca.Rd#L27   } ...
man/nhwt.Rd#L16   \item{data}{ ...
man/nhwt.Rd#L20   } ...
man/nhwt.Rd#L21   \item{type}{ ...
man/nhwt.Rd#L25   } ...
man/plot.classif.pcaica.Rd#L19   \item{x}{ ...
man/plot.classif.pcaica.Rd#L22   } ...
man/plot.classif.pcaica.Rd#L23   \item{type}{ ...
man/plot.classif.pcaica.Rd#L27   } ...
man/plot.classif.pcaica.Rd#L28   \item{d.type}{ ...
man/plot.classif.pcaica.Rd#L35   } ...
man/plot.classif.pcaica.Rd#L36   \item{adjust}{ ...
man/plot.classif.pcaica.Rd#L39   } ...
man/plot.classif.pcaica.Rd#L40   \item{\dots}{ ...
man/plot.classif.pcaica.Rd#L42   } ...
man/plot.classif.pcaica.Rd#L58   \item The red dashed line shows the me ...
man/plot.classif.pcaica.Rd#L60   \item The blue dotted line shows the b ...
man/plot.classif.pcaica.Rd#L94                       method = "lasso",  ...
man/plot.classif.wavFeatExt.Rd#L18   \item{x}{ ...
man/plot.classif.wavFeatExt.Rd#L22   } ...
man/plot.classif.wavFeatExt.Rd#L23   \item{type}{ ...
man/plot.classif.wavFeatExt.Rd#L27   } ...
man/plot.classif.wavFeatExt.Rd#L28   \item{adjust}{ ...
man/plot.classif.wavFeatExt.Rd#L31   } ...
man/plot.classif.wavFeatExt.Rd#L32   \item{\dots}{ ...
man/plot.classif.wavFeatExt.Rd#L34   } ...
man/plot.classif.wavFeatExt.Rd#L40   \item Columns beginning with \code{"D" ...
man/plot.classif.wavFeatExt.Rd#L42   \item Columns beginning with \code{"S" ...
man/plot.classif.wavFeatExt.Rd#L44   \item The column named \code{"seg"} co ...
man/plot.classif.wavFeatExt.Rd#L54   \item A red dashed line at the median  ...
man/plot.classif.wavFeatExt.Rd#L56   \item A blue dotted line at the best m ...
man/plot.classif.wavFeatExt.Rd#L88                           det.coef.10, s ...
man/plot.classif.wavFeatExt.Rd#L89                           method = "lass ...
man/plot.nhwt.Rd#L14           coef  = c("detail", "scaling") ...
man/plot.nhwt.Rd#L15           type  = c("global", "by.level" ...
man/plot.nhwt.Rd#L16           scale = "all") ...
man/plot.nhwt.Rd#L19   \item{obj.nhwt}{ ...
man/plot.nhwt.Rd#L27   } ...
man/plot.nhwt.Rd#L28   \item{coef}{ ...
man/plot.nhwt.Rd#L32   } ...
man/plot.nhwt.Rd#L33   \item{type}{ ...
man/plot.nhwt.Rd#L37       \item{\code{"global"}}{ ...
man/plot.nhwt.Rd#L42       } ...
man/plot.nhwt.Rd#L43       \item{\code{"by.level"}}{ ...
man/plot.nhwt.Rd#L48       } ...
man/plot.nhwt.Rd#L50   } ...
man/plot.nhwt.Rd#L51   \item{scale}{ ...
man/plot.nhwt.Rd#L56   } ...
man/seg.Rd#L13   \item{test.noise}{ ...
man/seg.Rd#L17   } ...
man/seg.Rd#L18   \item{denoise}{ ...
man/seg.Rd#L22   } ...
man/seg.Rd#L62   cn <- rbind(cn, rnorm(100, ...
man/seg.Rd#L77      xlab = "Position", ylab = "Copy-num ...
man/seg.Rd#L81      xlab = "Position", ylab = "Copy-num ...
man/sim.CNA.Rd#L19   \item{n.obs}{ ...
man/sim.CNA.Rd#L23   } ...
man/sim.CNA.Rd#L24   \item{p}{ ...
man/sim.CNA.Rd#L28   } ...
man/sim.CNA.Rd#L29   \item{n.sim}{ ...
man/sim.CNA.Rd#L32   } ...
man/sim.CNA.Rd#L33   \item{effect.diff}{ ...
man/sim.CNA.Rd#L36   } ...
man/sim.CNA.Rd#L37   \item{n.block}{ ...
man/sim.CNA.Rd#L41   } ...
man/sim.CNA.Rd#L42   \item{true.rho}{ ...
man/sim.CNA.Rd#L45   } ...
man/sim.CNA.Rd#L46   \item{block.cor}{ ...
man/sim.CNA.Rd#L50   } ...
man/sim.CNA.Rd#L51   \item{block.diff}{ ...
man/sim.CNA.Rd#L56   } ...
man/sim.CNA.Rd#L57   \item{true.mu}{ ...
man/sim.CNA.Rd#L64   } ...
man/sim.CNA.Rd#L123      xlab = "Genomic location", ylab = " ...
man/sim.CNA.Rd#L124      main = "Simulated segmented CNA pro ...
man/wavFeatExt-package.Rd#L23   \item \code{\link{sim.CNA}} for simula ...
man/wavFeatExt-package.Rd#L24   \item \code{\link{wavFeatExt}} for wav ...
man/wavFeatExt-package.Rd#L25   \item \code{\link{classif.wavFeatExt}} ...
man/wavFeatExt.Rd#L16   \item{data}{ ...
man/wavFeatExt.Rd#L22   } ...
man/wavFeatExt.Rd#L23   \item{type}{ ...
man/wavFeatExt.Rd#L28   } ...
vignettes/wavFeatExt_vignettes.Rmd#L19   collapse  = TRUE, ...
vignettes/wavFeatExt_vignettes.Rmd#L20   comment   = "#", ...
vignettes/wavFeatExt_vignettes.Rmd#L21   fig.align = "center", ...
vignettes/wavFeatExt_vignettes.Rmd#L22   fig.width = 7, ...
vignettes/wavFeatExt_vignettes.Rmd#L23   fig.height = 4, ...
vignettes/wavFeatExt_vignettes.Rmd#L24   message   = FALSE, ...
vignettes/wavFeatExt_vignettes.Rmd#L25   warning   = FALSE ...
vignettes/wavFeatExt_vignettes.Rmd#L197                           method = "lass ...
vignettes/wavFeatExt_vignettes.Rmd#L201    ...
vignettes/wavFeatExt_vignettes.Rmd#L209    ...
vignettes/wavFeatExt_vignettes.Rmd#L212                               method="RF ...
vignettes/wavFeatExt_vignettes.Rmd#L214                               method="NN ...
vignettes/wavFeatExt_vignettes.Rmd#L216                               method="PL ...
vignettes/wavFeatExt_vignettes.Rmd#L219   RF    = res_RF$err, ...
vignettes/wavFeatExt_vignettes.Rmd#L220   NN    = res_NN$err, ...
vignettes/wavFeatExt_vignettes.Rmd#L221   PLS   = res_PLS$err) ...
vignettes/wavFeatExt_vignettes.Rmd#L230    ...
vignettes/wavFeatExt_vignettes.Rmd#L240   data = pca_feat, ...
vignettes/wavFeatExt_vignettes.Rmd#L241   y    = y, ...
vignettes/wavFeatExt_vignettes.Rmd#L242   method = "lasso", ...
vignettes/wavFeatExt_vignettes.Rmd#L243   k = 5 ...
vignettes/wavFeatExt_vignettes.Rmd#L249   data = ica_feat, ...
vignettes/wavFeatExt_vignettes.Rmd#L250   y    = y, ...
vignettes/wavFeatExt_vignettes.Rmd#L251   method = "lasso", ...
vignettes/wavFeatExt_vignettes.Rmd#L252   k = 5 ...
vignettes/wavFeatExt_vignettes.Rmd#L256   ICA = res_ica$err, ...
vignettes/wavFeatExt_vignettes.Rmd#L257   Wavelet = res_lasso$err) ...
vignettes/wavFeatExt_vignettes.Rmd#L266    ...
vignettes/wavFeatExt_vignettes.Rmd#L267   **`CE`** – misclassification error for ...
vignettes/wavFeatExt_vignettes.Rmd#L281   data  = sim_dat, ...
vignettes/wavFeatExt_vignettes.Rmd#L282   y     = y, ...
vignettes/wavFeatExt_vignettes.Rmd#L283   det   = det_coef, ...
vignettes/wavFeatExt_vignettes.Rmd#L284   sca   = sca_coef, ...
vignettes/wavFeatExt_vignettes.Rmd#L285   method = "lasso", ...
vignettes/wavFeatExt_vignettes.Rmd#L286   k      = 5, ...
vignettes/wavFeatExt_vignettes.Rmd#L287   ite    = 2    # number of CV repetitio ...
vignettes/wavFeatExt_vignettes.Rmd#L302    ...
vignettes/wavFeatExt_vignettes.Rmd#L303   - Each box corresponds to one feature  ...
vignettes/wavFeatExt_vignettes.Rmd#L304   D1, D2, … = detail scales, S1, S2, … = ...
vignettes/wavFeatExt_vignettes.Rmd#L313    ...
* Checking if package already exists in CRAN... OK
* Checking for bioc-devel mailing list subscription...
* NOTE: Cannot determine whether maintainer is subscribed to the Bioc-Devel mailing list (requires admin credentials). Subscribe here: https://stat.ethz.ch/mailman/listinfo/bioc-devel
* Checking for support site registration... OK
